<?xml version="1.0" encoding="UTF-8"?>
<!-- Generated by org.testng.reporters.JUnitXMLReporter -->
<testsuite ignored="3" hostname="LAPTOP-02J3V1KL" failures="0" tests="4" name="Surefire test" time="44.204" errors="0" timestamp="2023-06-24T06:56:08 IST">
  <testcase classname="com.QALegendBilling.testscript.ResetTest" name="TC_003_verifyForgotPassword" time="1.642"/>
  <testcase classname="com.QALegendBilling.testscript.SignoutTest" name="TC_004_verifySignout" time="3.128"/>
  <testcase classname="com.QALegendBilling.testscript.UserTest" name="TC_006_verifyAddUser" time="9.161"/>
  <testcase classname="com.QALegendBilling.testscript.UserTest" name="TC_007_verifyInvalidUserSearch" time="5.464"/>
  <testcase classname="com.QALegendBilling.automationcore.Base" name="@BeforeSuite setExtent" time="0.0">
    <ignored/>
  </testcase> <!-- @BeforeSuite setExtent -->
  <testcase classname="com.QALegendBilling.automationcore.Base" name="@BeforeSuite setExtent" time="0.0">
    <ignored/>
  </testcase> <!-- @BeforeSuite setExtent -->
  <testcase classname="com.QALegendBilling.automationcore.Base" name="@BeforeSuite setExtent" time="0.0">
    <ignored/>
  </testcase> <!-- @BeforeSuite setExtent -->
</testsuite> <!-- Surefire test -->
