<?xml version="1.0" encoding="UTF-8"?>
<!-- Generated by org.testng.reporters.JUnitXMLReporter -->
<testsuite ignored="1" hostname="LAPTOP-02J3V1KL" failures="0" tests="1" name="Default test" time="26.369" errors="0" timestamp="2023-06-27T01:18:49 IST">
  <testcase classname="com.QALegendBilling.testscript.AddRolesTest" name="TC_0010_verifyAddRoles" time="14.864"/>
  <testcase classname="com.QALegendBilling.testscript.AddRolesTest" name="TC_009_verifyAddRoles" time="0.0">
    <ignored/>
  </testcase> <!-- TC_009_verifyAddRoles -->
</testsuite> <!-- Default test -->
