<?xml version="1.0" encoding="UTF-8"?>
<!-- Generated by org.testng.reporters.JUnitXMLReporter -->
<testsuite ignored="1" hostname="LAPTOP-02J3V1KL" failures="0" tests="1" name="Default test" time="24.903" errors="0" timestamp="2023-06-24T01:15:11 IST">
  <testcase classname="com.QALegendBilling.testscript.UserTest" name="TC_007_verifyInvalidUserSearch" time="8.495"/>
  <testcase classname="com.QALegendBilling.testscript.UserTest" name="TC_006_verifyAddUser" time="0.0">
    <ignored/>
  </testcase> <!-- TC_006_verifyAddUser -->
</testsuite> <!-- Default test -->
