<?xml version="1.0" encoding="UTF-8"?>
<!-- Generated by org.testng.reporters.JUnitXMLReporter -->
<testsuite ignored="0" hostname="LAPTOP-02J3V1KL" failures="0" tests="9" name="Parameter testing-Grouping" time="111.641" errors="0" timestamp="2023-06-27T02:26:02 IST">
  <testcase classname="com.QALegendBilling.testscript.Hometest" name="TC_005_verifUserManagementDropdown" time="3.18"/>
  <testcase classname="com.QALegendBilling.testscript.Logintest" name="TC_001_verifyUserLoginWithValidCredentials" time="3.317"/>
  <testcase classname="com.QALegendBilling.testscript.Logintest" name="TC_002_verifyUserLoginWithInvalidCredentials" time="1.128"/>
  <testcase classname="com.QALegendBilling.testscript.Logintest" name="TC_002_verifyUserLoginWithInvalidCredentials" time="1.128"/>
  <testcase classname="com.QALegendBilling.testscript.Logintest" name="TC_002_verifyUserLoginWithInvalidCredentials" time="1.024"/>
  <testcase classname="com.QALegendBilling.testscript.ResetTest" name="TC_003_verifyForgotPassword" time="1.973"/>
  <testcase classname="com.QALegendBilling.testscript.SignoutTest" name="TC_004_verifySignout" time="4.023"/>
  <testcase classname="com.QALegendBilling.testscript.AddRolesTest" name="TC_009_verifyAddRoles" time="10.44"/>
  <testcase classname="com.QALegendBilling.testscript.AddRolesTest" name="TC_010_verifyEditRoles" time="12.144"/>
</testsuite> <!-- Parameter testing-Grouping -->
